\BOOKMARK [0][-]{dummy.1}{\376\377\000A\000g\000r\000a\000d\000e\000c\000i\000m\000i\000e\000n\000t\000o\000s}{}
\BOOKMARK [0][-]{dummy.5}{\376\377\000\315\000n\000d\000i\000c\000e\000\040\000d\000e\000\040\000F\000i\000g\000u\000r\000a\000s}{}
\BOOKMARK [0][-]{dummy.7}{\376\377\000\315\000n\000d\000i\000c\000e\000\040\000d\000e\000\040\000T\000a\000b\000l\000a\000s}{}
\BOOKMARK [0][-]{chapter.9}{\376\377\0001\000\040\000I\000n\000t\000r\000o\000d\000u\000c\000c\000i\000\363\000n}{}
\BOOKMARK [0][-]{chapter.10}{\376\377\0002\000\040\000B\000P\000E\000L}{}
\BOOKMARK [1][-]{section.11}{\376\377\0002\000.\0001\000\040\000I\000n\000t\000r\000o\000d\000u\000c\000c\000i\000\363\000n}{chapter.10}
\BOOKMARK [1][-]{section.12}{\376\377\0002\000.\0002\000\040\000C\000o\000n\000c\000e\000p\000t\000o\000s\000\040\000B\000\341\000s\000i\000c\000o\000s}{chapter.10}
\BOOKMARK [2][-]{subsection.13}{\376\377\0002\000.\0002\000.\0001\000\040\000E\000l\000e\000m\000e\000n\000t\000o\000s\000\040\000B\000\341\000s\000i\000c\000o\000s}{section.12}
\BOOKMARK [3][-]{subsubsection.14}{\376\377\0002\000.\0002\000.\0001\000.\0001\000\040\000V\000a\000r\000i\000a\000b\000l\000e\000s}{subsection.13}
\BOOKMARK [3][-]{subsubsection.15}{\376\377\0002\000.\0002\000.\0001\000.\0002\000\040\000C\000o\000l\000a\000b\000o\000r\000a\000d\000o\000r\000e\000s}{subsection.13}
\BOOKMARK [2][-]{subsection.16}{\376\377\0002\000.\0002\000.\0002\000\040\000A\000c\000t\000i\000v\000i\000d\000a\000d\000e\000s}{section.12}
\BOOKMARK [3][-]{subsubsection.17}{\376\377\0002\000.\0002\000.\0002\000.\0001\000\040\000A\000c\000t\000i\000v\000i\000d\000a\000d\000e\000s\000\040\000E\000s\000t\000r\000u\000c\000t\000u\000r\000a\000d\000o\000r\000a\000s}{subsection.16}
\BOOKMARK [3][-]{subsubsection.18}{\376\377\0002\000.\0002\000.\0002\000.\0002\000\040\000A\000c\000t\000i\000v\000i\000d\000a\000d\000e\000s\000\040\000d\000e\000\040\000I\000n\000t\000e\000r\000a\000c\000c\000i\000\363\000n}{subsection.16}
\BOOKMARK [3][-]{subsubsection.19}{\376\377\0002\000.\0002\000.\0002\000.\0003\000\040\000A\000c\000t\000i\000v\000i\000d\000a\000d\000e\000s\000\040\000B\000\341\000s\000i\000c\000a\000s}{subsection.16}
\BOOKMARK [1][-]{section.20}{\376\377\0002\000.\0003\000\040\000C\000o\000n\000c\000e\000p\000t\000o\000s\000\040\000A\000v\000a\000n\000z\000a\000d\000o\000s}{chapter.10}
\BOOKMARK [2][-]{subsection.21}{\376\377\0002\000.\0003\000.\0001\000\040\000S\000c\000o\000p\000e}{section.20}
\BOOKMARK [2][-]{subsection.22}{\376\377\0002\000.\0003\000.\0002\000\040\000F\000a\000u\000l\000t\000\040\000H\000a\000n\000d\000l\000e\000r}{section.20}
\BOOKMARK [2][-]{subsection.23}{\376\377\0002\000.\0003\000.\0003\000\040\000C\000o\000m\000p\000s\000e\000n\000s\000a\000t\000i\000o\000n\000\040\000H\000a\000n\000d\000l\000e\000r}{section.20}
\BOOKMARK [2][-]{subsection.24}{\376\377\0002\000.\0003\000.\0004\000\040\000C\000o\000r\000r\000e\000l\000a\000t\000i\000o\000n\000\040\000S\000e\000t\000s}{section.20}
\BOOKMARK [2][-]{subsection.25}{\376\377\0002\000.\0003\000.\0005\000\040\000E\000v\000e\000n\000t\000\040\000H\000a\000n\000d\000l\000e\000r}{section.20}
\BOOKMARK [1][-]{section.26}{\376\377\0002\000.\0004\000\040\000I\000m\000p\000l\000e\000m\000e\000n\000t\000a\000c\000i\000o\000n\000e\000s}{chapter.10}
\BOOKMARK [2][-]{subsection.27}{\376\377\0002\000.\0004\000.\0001\000\040\000A\000c\000t\000i\000v\000e\000V\000O\000S}{section.26}
\BOOKMARK [2][-]{subsection.35}{\376\377\0002\000.\0004\000.\0002\000\040\000O\000r\000a\000c\000l\000e\000\040\000B\000P\000E\000L\000\040\000P\000r\000o\000c\000e\000s\000s\000\040\000M\000a\000n\000a\000g\000e\000r}{section.26}
\BOOKMARK [2][-]{subsection.42}{\376\377\0002\000.\0004\000.\0003\000\040\000A\000p\000a\000c\000h\000e\000\040\000O\000D\000E}{section.26}
\BOOKMARK [1][-]{section.46}{\376\377\0002\000.\0005\000\040\000E\000x\000t\000e\000n\000s\000i\000o\000n\000e\000s}{chapter.10}
\BOOKMARK [2][-]{subsection.47}{\376\377\0002\000.\0005\000.\0001\000\040\000W\000S\000-\000H\000u\000m\000a\000n\000T\000a\000s\000k}{section.46}
\BOOKMARK [3][-]{subsubsection.48}{\376\377\0002\000.\0005\000.\0001\000.\0001\000\040\000T\000a\000r\000e\000a\000\040\000H\000u\000m\000a\000n\000a\000\040\000\050\000H\000u\000m\000a\000n\000\040\000T\000a\000s\000k\000\051}{subsection.47}
\BOOKMARK [3][-]{subsubsection.49}{\376\377\0002\000.\0005\000.\0001\000.\0002\000\040\000R\000o\000l\000e\000s\000\040\000H\000u\000m\000a\000n\000o\000s\000\040\000G\000e\000n\000\351\000r\000i\000c\000o\000s}{subsection.47}
\BOOKMARK [3][-]{subsubsection.57}{\376\377\0002\000.\0005\000.\0001\000.\0003\000\040\000N\000o\000t\000i\000f\000i\000c\000a\000c\000i\000o\000n\000e\000s}{subsection.47}
\BOOKMARK [2][-]{subsection.58}{\376\377\0002\000.\0005\000.\0002\000\040\000B\000P\000E\000L\0004\000P\000e\000o\000p\000l\000e}{section.46}
\BOOKMARK [3][-]{subsubsection.63}{\376\377\0002\000.\0005\000.\0002\000.\0001\000\040\000P\000e\000o\000p\000l\000e\000\040\000A\000c\000t\000i\000v\000i\000t\000y}{subsection.58}
\BOOKMARK [0][-]{chapter.65}{\376\377\0003\000\040\000A\000s\000p\000e\000c\000t\000-\000O\000r\000i\000e\000n\000t\000e\000d\000\040\000P\000r\000o\000g\000r\000a\000m\000m\000i\000n\000g}{}
\BOOKMARK [1][-]{section.66}{\376\377\0003\000.\0001\000\040\000I\000n\000t\000r\000o\000d\000u\000c\000c\000i\000\363\000n}{chapter.65}
\BOOKMARK [1][-]{section.68}{\376\377\0003\000.\0002\000\040\000A\000s\000p\000e\000c\000t\000J}{chapter.65}
\BOOKMARK [2][-]{subsection.69}{\376\377\0003\000.\0002\000.\0001\000\040\000M\000o\000d\000e\000l\000o\000\040\000d\000e\000\040\000J\000o\000i\000n\000\040\000P\000o\000i\000n\000t\000s}{section.68}
\BOOKMARK [2][-]{subsection.70}{\376\377\0003\000.\0002\000.\0002\000\040\000L\000e\000n\000g\000u\000a\000j\000e\000\040\000d\000e\000\040\000P\000u\000n\000t\000o\000s\000\040\000d\000e\000\040\000C\000o\000r\000t\000e}{section.68}
\BOOKMARK [2][-]{subsection.71}{\376\377\0003\000.\0002\000.\0003\000\040\000L\000e\000n\000g\000u\000a\000j\000e\000\040\000d\000e\000\040\000A\000d\000v\000i\000c\000e\000s}{section.68}
\BOOKMARK [2][-]{subsection.85}{\376\377\0003\000.\0002\000.\0004\000\040\000T\000e\000j\000i\000d\000o\000\040\000d\000e\000\040\000A\000s\000p\000e\000c\000t\000o\000s}{section.68}
\BOOKMARK [1][-]{section.86}{\376\377\0003\000.\0003\000\040\000I\000n\000t\000e\000r\000a\000c\000c\000i\000\363\000n\000\040\000E\000n\000t\000r\000e\000\040\000A\000s\000p\000e\000c\000t\000o\000s}{chapter.65}
\BOOKMARK [2][-]{subsection.87}{\376\377\0003\000.\0003\000.\0001\000\040\000I\000n\000t\000e\000r\000f\000e\000r\000e\000n\000c\000i\000a\000\040\000S\000e\000m\000\341\000n\000t\000i\000c\000a\000\040\000E\000n\000t\000r\000e\000\040\000A\000s\000p\000e\000c\000t\000o\000s}{section.86}
\BOOKMARK [3][-]{subsubsection.88}{\376\377\0003\000.\0003\000.\0001\000.\0001\000\040\000E\000j\000e\000m\000p\000l\000o}{subsection.87}
\BOOKMARK [3][-]{subsubsection.115}{\376\377\0003\000.\0003\000.\0001\000.\0002\000\040\000C\000l\000a\000s\000i\000f\000i\000c\000a\000c\000i\000\363\000n\000\040\000d\000e\000\040\000I\000n\000t\000e\000r\000f\000e\000r\000e\000n\000c\000i\000a\000s}{subsection.87}
\BOOKMARK [1][-]{section.116}{\376\377\0003\000.\0004\000\040\000P\000r\000o\000p\000u\000e\000s\000t\000a\000s\000\040\000p\000a\000r\000a\000\040\000R\000e\000s\000o\000l\000u\000c\000i\000\363\000n\000\040\000d\000e\000\040\000C\000o\000n\000f\000l\000i\000c\000t\000o\000s}{chapter.65}
\BOOKMARK [2][-]{subsection.117}{\376\377\0003\000.\0004\000.\0001\000\040\000E\000s\000p\000e\000c\000i\000f\000i\000c\000a\000r\000\040\000p\000r\000e\000c\000e\000d\000e\000n\000c\000i\000a\000\040\000A\000s\000p\000e\000c\000t\000o\000s}{section.116}
\BOOKMARK [2][-]{subsection.139}{\376\377\0003\000.\0004\000.\0002\000\040\000D\000e\000t\000e\000c\000c\000i\000\363\000n\000\040\000d\000e\000\040\000C\000o\000n\000f\000l\000i\000c\000t\000o\000s}{section.116}
\BOOKMARK [3][-]{subsubsection.146}{\376\377\0003\000.\0004\000.\0002\000.\0001\000\040\000E\000t\000a\000p\000a\000\040\000d\000e\000\040\000C\000o\000m\000p\000o\000s\000i\000c\000i\000\363\000n}{subsection.139}
\BOOKMARK [3][-]{subsubsection.147}{\376\377\0003\000.\0004\000.\0002\000.\0002\000\040\000E\000t\000a\000p\000a\000\040\000d\000e\000\040\000A\000b\000s\000t\000r\000a\000c\000c\000i\000\363\000n\000\040\000d\000e\000\040\000C\000o\000m\000p\000o\000r\000t\000a\000m\000i\000e\000n\000t\000o\000\040\000d\000e\000\040\000l\000o\000s\000\040\000A\000s\000p\000e\000c\000t\000o\000s}{subsection.139}
\BOOKMARK [3][-]{subsubsection.150}{\376\377\0003\000.\0004\000.\0002\000.\0003\000\040\000E\000t\000a\000p\000a\000\040\000d\000e\000\040\000D\000e\000t\000e\000c\000c\000i\000\363\000n\000\040\000d\000e\000\040\000C\000o\000n\000f\000l\000i\000c\000t\000o\000s}{subsection.139}
\BOOKMARK [0][-]{chapter.152}{\376\377\0004\000\040\000A\000s\000p\000e\000c\000t\000-\000O\000r\000i\000e\000n\000t\000e\000d\000\040\000W\000o\000r\000k\000f\000l\000o\000w\000\040\000L\000a\000n\000g\000u\000a\000g\000e\000s}{}
\BOOKMARK [1][-]{section.153}{\376\377\0004\000.\0001\000\040\000I\000n\000t\000r\000o\000d\000u\000c\000c\000i\000\363\000n}{chapter.152}
\BOOKMARK [1][-]{section.154}{\376\377\0004\000.\0002\000\040\000P\000r\000o\000b\000l\000e\000m\000a\000s\000\040\000d\000e\000\040\000M\000o\000d\000u\000l\000a\000r\000i\000z\000a\000c\000i\000\363\000n\000\040\000d\000e\000\040\000L\000e\000n\000g\000u\000a\000j\000e\000s\000\040\000d\000e\000\040\000W\000o\000r\000k\000f\000l\000o\000w}{chapter.152}
\BOOKMARK [2][-]{subsection.155}{\376\377\0004\000.\0002\000.\0001\000\040\000E\000j\000e\000m\000p\000l\000o}{section.154}
\BOOKMARK [2][-]{subsection.157}{\376\377\0004\000.\0002\000.\0002\000\040\000P\000r\000o\000b\000l\000e\000m\000a\000s\000\040\000d\000e\000\040\000M\000o\000d\000u\000l\000a\000r\000i\000z\000a\000c\000i\000\363\000n\000\040\000d\000e\000\040\000P\000r\000e\000o\000c\000u\000p\000a\000c\000i\000o\000n\000e\000s\000\040\000T\000r\000a\000n\000s\000v\000e\000r\000s\000a\000l\000e\000s}{section.154}
\BOOKMARK [3][-]{subsubsection.158}{\376\377\0004\000.\0002\000.\0002\000.\0001\000\040\000R\000e\000c\000o\000l\000e\000c\000c\000i\000\363\000n\000\040\000d\000e\000\040\000I\000n\000f\000o\000r\000m\000a\000c\000i\000\363\000n}{subsection.157}
\BOOKMARK [3][-]{subsubsection.160}{\376\377\0004\000.\0002\000.\0002\000.\0002\000\040\000M\000o\000n\000i\000t\000o\000r\000e\000o\000\040\000d\000e\000\040\000T\000i\000e\000m\000p\000o\000\040\000d\000e\000\040\000E\000j\000e\000c\000u\000c\000i\000\363\000n\000\040\000d\000e\000\040\000A\000c\000t\000i\000v\000i\000d\000a\000d\000e\000s}{subsection.157}
\BOOKMARK [2][-]{subsection.162}{\376\377\0004\000.\0002\000.\0003\000\040\000P\000r\000o\000b\000l\000e\000m\000a\000s\000\040\000d\000e\000\040\000M\000o\000d\000u\000l\000a\000r\000i\000z\000a\000c\000i\000\363\000n\000\040\000d\000e\000\040\000C\000a\000m\000b\000i\000o\000s}{section.154}
\BOOKMARK [3][-]{subsubsection.163}{\376\377\0004\000.\0002\000.\0003\000.\0001\000\040\000A\000g\000r\000e\000g\000a\000r\000\040\000u\000n\000a\000\040\000A\000c\000t\000i\000v\000i\000d\000a\000d}{subsection.162}
\BOOKMARK [1][-]{section.165}{\376\377\0004\000.\0003\000\040\000A\000O\000P\000\040\000e\000n\000\040\000C\000o\000n\000t\000e\000x\000t\000o\000s\000\040\000W\000o\000r\000k\000f\000l\000o\000w}{chapter.152}
\BOOKMARK [2][-]{subsection.166}{\376\377\0004\000.\0003\000.\0001\000\040\000M\000o\000d\000e\000l\000o\000\040\000d\000e\000\040\000J\000o\000i\000n\000\040\000P\000o\000i\000n\000t\000s}{section.165}
\BOOKMARK [2][-]{subsection.167}{\376\377\0004\000.\0003\000.\0002\000\040\000L\000e\000n\000g\000u\000a\000j\000e\000\040\000d\000e\000\040\000P\000u\000n\000t\000o\000s\000\040\000d\000e\000\040\000C\000o\000r\000t\000e}{section.165}
\BOOKMARK [2][-]{subsection.168}{\376\377\0004\000.\0003\000.\0003\000\040\000L\000e\000n\000g\000u\000a\000j\000e\000\040\000d\000e\000\040\000A\000d\000v\000i\000c\000e\000s}{section.165}
\BOOKMARK [2][-]{subsection.169}{\376\377\0004\000.\0003\000.\0004\000\040\000T\000e\000j\000i\000d\000o\000\040\000d\000e\000\040\000A\000s\000p\000e\000c\000t\000o\000s}{section.165}
\BOOKMARK [3][-]{subsubsection.170}{\376\377\0004\000.\0003\000.\0004\000.\0001\000\040\000T\000r\000a\000n\000s\000f\000o\000r\000m\000a\000c\000i\000\363\000n\000\040\000d\000e\000\040\000P\000r\000o\000c\000e\000s\000o\000s}{subsection.169}
\BOOKMARK [3][-]{subsubsection.171}{\376\377\0004\000.\0003\000.\0004\000.\0002\000\040\000M\000o\000d\000i\000f\000i\000c\000a\000c\000i\000\363\000n\000\040\000d\000e\000l\000\040\000M\000o\000t\000o\000r\000\040\000p\000a\000r\000a\000\040\000V\000e\000r\000i\000f\000i\000c\000a\000c\000i\000\363\000n\000\040\000d\000e\000\040\000A\000s\000p\000e\000c\000t\000o\000s}{subsection.169}
\BOOKMARK [1][-]{section.172}{\376\377\0004\000.\0004\000\040\000L\000e\000n\000g\000u\000a\000j\000e\000s\000\040\000d\000e\000\040\000B\000P\000E\000L\000\040\000O\000r\000i\000e\000n\000t\000a\000d\000o\000s\000\040\000P\000o\000r\000\040\000A\000s\000p\000e\000c\000t\000o\000s}{chapter.152}
\BOOKMARK [2][-]{subsection.173}{\376\377\0004\000.\0004\000.\0001\000\040\000P\000a\000d\000u\000s}{section.172}
\BOOKMARK [3][-]{subsubsection.174}{\376\377\0004\000.\0004\000.\0001\000.\0001\000\040\000M\000o\000d\000e\000l\000o\000\040\000d\000e\000\040\000J\000o\000i\000n\000\040\000P\000o\000i\000n\000t\000s}{subsection.173}
\BOOKMARK [3][-]{subsubsection.176}{\376\377\0004\000.\0004\000.\0001\000.\0002\000\040\000L\000e\000n\000g\000u\000a\000j\000e\000\040\000d\000e\000\040\000P\000u\000n\000t\000o\000s\000\040\000d\000e\000\040\000C\000o\000r\000t\000e}{subsection.173}
\BOOKMARK [3][-]{subsubsection.183}{\376\377\0004\000.\0004\000.\0001\000.\0003\000\040\000L\000e\000n\000g\000u\000a\000j\000e\000\040\000d\000e\000\040\000A\000d\000v\000i\000c\000e\000s}{subsection.173}
\BOOKMARK [3][-]{subsubsection.184}{\376\377\0004\000.\0004\000.\0001\000.\0004\000\040\000T\000e\000j\000i\000d\000o\000\040\000d\000e\000\040\000A\000s\000p\000e\000c\000t\000o\000s}{subsection.173}
\BOOKMARK [2][-]{subsection.186}{\376\377\0004\000.\0004\000.\0002\000\040\000A\000O\0004\000B\000P\000E\000L}{section.172}
\BOOKMARK [3][-]{subsubsection.187}{\376\377\0004\000.\0004\000.\0002\000.\0001\000\040\000M\000o\000d\000e\000l\000o\000\040\000d\000e\000\040\000J\000o\000i\000n\000\040\000P\000o\000i\000n\000t\000s}{subsection.186}
\BOOKMARK [3][-]{subsubsection.188}{\376\377\0004\000.\0004\000.\0002\000.\0002\000\040\000L\000e\000n\000g\000u\000a\000j\000e\000\040\000d\000e\000\040\000P\000u\000n\000t\000o\000s\000\040\000d\000e\000\040\000C\000o\000r\000t\000e}{subsection.186}
\BOOKMARK [3][-]{subsubsection.197}{\376\377\0004\000.\0004\000.\0002\000.\0003\000\040\000L\000e\000n\000g\000u\000a\000j\000e\000\040\000d\000e\000\040\000A\000d\000v\000i\000c\000e\000s}{subsection.186}
\BOOKMARK [3][-]{subsubsection.198}{\376\377\0004\000.\0004\000.\0002\000.\0004\000\040\000T\000e\000j\000i\000d\000o\000\040\000d\000e\000\040\000A\000s\000p\000e\000c\000t\000o\000s}{subsection.186}
\BOOKMARK [1][-]{section.204}{\376\377\0004\000.\0005\000\040\000I\000n\000t\000e\000r\000f\000e\000r\000e\000n\000c\000i\000a\000\040\000d\000e\000\040\000A\000s\000p\000e\000c\000t\000o\000s\000\040\000e\000n\000\040\000C\000o\000n\000t\000e\000x\000t\000o\000s\000\040\000W\000o\000r\000k\000f\000l\000o\000w}{chapter.152}
\BOOKMARK [2][-]{subsection.205}{\376\377\0004\000.\0005\000.\0001\000\040\000F\000a\000c\000t\000u\000r\000a\000c\000i\000\363\000n\000\040\000p\000o\000r\000\040\000B\000u\000s\000q\000u\000e\000d\000a}{section.204}
\BOOKMARK [2][-]{subsection.207}{\376\377\0004\000.\0005\000.\0002\000\040\000C\000a\000m\000b\000i\000o\000s\000\040\000e\000n\000\040\000l\000a\000s\000\040\000P\000o\000l\000\355\000t\000i\000c\000a\000s\000\040\000d\000e\000\040\000D\000i\000s\000t\000r\000i\000b\000u\000c\000i\000\363\000n}{section.204}
\BOOKMARK [2][-]{subsection.209}{\376\377\0004\000.\0005\000.\0003\000\040\000I\000n\000t\000e\000r\000f\000e\000r\000e\000n\000c\000i\000a\000\040\000E\000n\000t\000r\000e\000\040\000l\000o\000s\000\040\000A\000s\000p\000e\000c\000t\000o\000s}{section.204}
\BOOKMARK [0][-]{chapter.210}{\376\377\0005\000\040\000E\000l\000\040\000P\000r\000o\000y\000e\000c\000t\000o\000\040\000C\000u\000m\000b\000i\000a}{}
\BOOKMARK [1][-]{section.212}{\376\377\0005\000.\0001\000\040\000A\000p\000l\000i\000c\000a\000c\000i\000o\000n\000e\000s\000\040\000O\000r\000i\000e\000n\000t\000a\000d\000a\000s\000\040\000a\000\040\000C\000o\000n\000t\000r\000o\000l}{chapter.210}
\BOOKMARK [1][-]{section.213}{\376\377\0005\000.\0002\000\040\000M\000e\000t\000a\000m\000o\000d\000e\000l\000o\000s}{chapter.210}
\BOOKMARK [1][-]{section.214}{\376\377\0005\000.\0003\000\040\000M\000o\000d\000e\000l\000o\000\040\000d\000e\000\040\000O\000b\000j\000e\000t\000o\000s\000\040\000A\000b\000i\000e\000r\000t\000o\000s\000\040\000\050\000O\000O\000\051}{chapter.210}
\BOOKMARK [1][-]{section.216}{\376\377\0005\000.\0004\000\040\000M\000o\000d\000e\000l\000o\000s\000\040\000E\000j\000e\000c\000u\000t\000a\000b\000l\000e\000s\000\040\000C\000u\000m\000b\000i\000a}{chapter.210}
\BOOKMARK [2][-]{subsection.217}{\376\377\0005\000.\0004\000.\0001\000\040\000E\000s\000t\000r\000a\000t\000e\000g\000i\000a\000\040\000d\000e\000\040\000C\000o\000m\000p\000o\000s\000i\000c\000i\000\363\000n\000\040\000d\000e\000\040\000M\000o\000d\000e\000l\000o\000s}{section.216}
\BOOKMARK [0][-]{chapter.219}{\376\377\0006\000\040\000C\000a\000f\000f\000e\000i\000n\000e\000\040\000v\0002\000.\0000\000:\000\040\000M\000o\000t\000o\000r\000\040\000B\000P\000E\000L\000\040\000s\000o\000b\000r\000e\000\040\000C\000u\000m\000b\000i\000a}{}
\BOOKMARK [1][-]{section.220}{\376\377\0006\000.\0001\000\040\000I\000n\000t\000r\000o\000d\000u\000c\000c\000i\000\363\000n}{chapter.219}
\BOOKMARK [1][-]{section.221}{\376\377\0006\000.\0002\000\040\000E\000l\000e\000m\000e\000n\000t\000o\000s\000\040\000P\000r\000e\000s\000e\000n\000t\000e\000s}{chapter.219}
\BOOKMARK [2][-]{subsection.223}{\376\377\0006\000.\0002\000.\0001\000\040\000E\000l\000e\000m\000e\000n\000t\000o\000s\000\040\000d\000e\000\040\000I\000n\000i\000c\000i\000o}{section.221}
\BOOKMARK [3][-]{subsubsection.225}{\376\377\0006\000.\0002\000.\0001\000.\0001\000\040\000E\000l\000e\000m\000e\000n\000t\000o\000\040\000P\000r\000o\000c\000e\000s\000s}{subsection.223}
\BOOKMARK [3][-]{subsubsection.229}{\376\377\0006\000.\0002\000.\0001\000.\0002\000\040\000E\000l\000e\000m\000e\000n\000t\000o\000\040\000S\000t\000a\000r\000t\000i\000n\000g\000P\000i\000c\000k}{subsection.223}
\BOOKMARK [3][-]{subsubsection.233}{\376\377\0006\000.\0002\000.\0001\000.\0003\000\040\000E\000l\000e\000m\000e\000n\000t\000o\000\040\000S\000t\000a\000r\000t\000i\000n\000g\000R\000e\000c\000e\000i\000v\000e}{subsection.223}
\BOOKMARK [2][-]{subsection.237}{\376\377\0006\000.\0002\000.\0002\000\040\000E\000l\000e\000m\000e\000n\000t\000o\000s\000\040\000d\000e\000\040\000I\000n\000t\000e\000r\000a\000c\000c\000i\000\363\000n}{section.221}
\BOOKMARK [3][-]{subsubsection.239}{\376\377\0006\000.\0002\000.\0002\000.\0001\000\040\000E\000l\000e\000m\000e\000n\000t\000o\000\040\000P\000i\000c\000k}{subsection.237}
\BOOKMARK [3][-]{subsubsection.243}{\376\377\0006\000.\0002\000.\0002\000.\0002\000\040\000E\000l\000e\000m\000e\000n\000t\000o\000\040\000O\000n\000A\000l\000a\000r\000m}{subsection.237}
\BOOKMARK [3][-]{subsubsection.247}{\376\377\0006\000.\0002\000.\0002\000.\0003\000\040\000E\000l\000e\000m\000e\000n\000t\000o\000\040\000O\000n\000M\000e\000s\000s\000a\000g\000e}{subsection.237}
\BOOKMARK [3][-]{subsubsection.251}{\376\377\0006\000.\0002\000.\0002\000.\0004\000\040\000E\000l\000e\000m\000e\000n\000t\000o\000\040\000R\000e\000c\000e\000i\000v\000e}{subsection.237}
\BOOKMARK [3][-]{subsubsection.255}{\376\377\0006\000.\0002\000.\0002\000.\0005\000\040\000E\000l\000e\000m\000e\000n\000t\000o\000\040\000R\000e\000p\000l\000y}{subsection.237}
\BOOKMARK [3][-]{subsubsection.259}{\376\377\0006\000.\0002\000.\0002\000.\0006\000\040\000E\000l\000e\000m\000e\000n\000t\000o\000\040\000I\000n\000v\000o\000k\000e}{subsection.237}
\BOOKMARK [2][-]{subsection.263}{\376\377\0006\000.\0002\000.\0003\000\040\000E\000l\000e\000m\000e\000n\000t\000o\000s\000\040\000E\000s\000t\000r\000u\000c\000t\000u\000r\000a\000d\000o\000r\000e\000s}{section.221}
\BOOKMARK [3][-]{subsubsection.265}{\376\377\0006\000.\0002\000.\0003\000.\0001\000\040\000E\000l\000e\000m\000e\000n\000t\000o\000\040\000S\000e\000q\000u\000e\000n\000c\000e}{subsection.263}
\BOOKMARK [3][-]{subsubsection.269}{\376\377\0006\000.\0002\000.\0003\000.\0002\000\040\000E\000l\000e\000m\000e\000n\000t\000o\000\040\000F\000l\000o\000w}{subsection.263}
\BOOKMARK [3][-]{subsubsection.273}{\376\377\0006\000.\0002\000.\0003\000.\0003\000\040\000E\000l\000e\000m\000e\000n\000t\000o\000\040\000W\000h\000i\000l\000e}{subsection.263}
\BOOKMARK [3][-]{subsubsection.277}{\376\377\0006\000.\0002\000.\0003\000.\0004\000\040\000E\000l\000e\000m\000e\000n\000t\000o\000\040\000C\000o\000n\000d\000i\000c\000i\000o\000n\000a\000l}{subsection.263}
\BOOKMARK [2][-]{subsection.281}{\376\377\0006\000.\0002\000.\0004\000\040\000I\000n\000s\000t\000r\000u\000c\000c\000i\000o\000n\000e\000s}{section.221}
\BOOKMARK [3][-]{subsubsection.283}{\376\377\0006\000.\0002\000.\0004\000.\0001\000\040\000E\000l\000e\000m\000e\000n\000t\000o\000\040\000E\000x\000i\000t}{subsection.281}
\BOOKMARK [3][-]{subsubsection.287}{\376\377\0006\000.\0002\000.\0004\000.\0002\000\040\000E\000l\000e\000m\000e\000n\000t\000o\000\040\000E\000m\000p\000t\000y}{subsection.281}
\BOOKMARK [3][-]{subsubsection.290}{\376\377\0006\000.\0002\000.\0004\000.\0003\000\040\000E\000l\000e\000m\000e\000n\000t\000o\000\040\000W\000a\000i\000t}{subsection.281}
\BOOKMARK [3][-]{subsubsection.294}{\376\377\0006\000.\0002\000.\0004\000.\0004\000\040\000E\000l\000e\000m\000e\000n\000t\000o\000\040\000A\000s\000s\000i\000g\000n}{subsection.281}
\BOOKMARK [1][-]{section.298}{\376\377\0006\000.\0003\000\040\000A\000r\000q\000u\000i\000t\000e\000c\000t\000u\000r\000a}{chapter.219}
\BOOKMARK [2][-]{subsection.300}{\376\377\0006\000.\0003\000.\0001\000\040\000C\000u\000m\000b\000i\000a\000O\000p\000e\000n\000O\000b\000j\000e\000c\000t\000s\000K\000e\000r\000n\000e\000l}{section.298}
\BOOKMARK [2][-]{subsection.350}{\376\377\0006\000.\0003\000.\0002\000\040\000C\000a\000f\000f\000e\000i\000n\000e\000E\000n\000g\000i\000n\000e}{section.298}
\BOOKMARK [2][-]{subsection.358}{\376\377\0006\000.\0003\000.\0003\000\040\000C\000a\000f\000f\000e\000i\000n\000e\000D\000e\000p\000l\000o\000y\000e\000r}{section.298}
\BOOKMARK [1][-]{section.363}{\376\377\0006\000.\0004\000\040\000P\000r\000u\000e\000b\000a\000s}{chapter.219}
\BOOKMARK [2][-]{subsection.364}{\376\377\0006\000.\0004\000.\0001\000\040\000F\000r\000a\000m\000e\000w\000o\000r\000k\000\040\000d\000e\000\040\000P\000r\000u\000e\000b\000a\000s}{section.363}
\BOOKMARK [1][-]{section.374}{\376\377\0006\000.\0005\000\040\000E\000x\000p\000e\000r\000i\000m\000e\000n\000t\000a\000c\000i\000\363\000n\000\040\000C\000a\000f\000f\000e\000i\000n\000e\000\040\000C\000l\000i\000e\000n\000t\000e\000\040\000W\000e\000b}{chapter.219}
\BOOKMARK [0][-]{chapter.377}{\376\377\0007\000\040\000A\000s\000p\000e\000c\000t\000C\000a\000f\000f\000i\000n\000e\000:\000\040\000E\000x\000t\000e\000n\000s\000i\000\363\000n\000\040\000d\000e\000\040\000A\000s\000p\000e\000c\000t\000o\000s\000\040\000a\000\040\000C\000a\000f\000f\000e\000i\000n\000e}{}
\BOOKMARK [1][-]{section.378}{\376\377\0007\000.\0001\000\040\000I\000n\000t\000r\000o\000d\000u\000c\000c\000i\000\363\000n}{chapter.377}
\BOOKMARK [1][-]{section.379}{\376\377\0007\000.\0002\000\040\000M\000o\000d\000e\000l\000o\000\040\000d\000e\000\040\000J\000o\000i\000n\000\040\000P\000o\000i\000n\000t\000s}{chapter.377}
\BOOKMARK [1][-]{section.380}{\376\377\0007\000.\0003\000\040\000L\000e\000n\000g\000u\000a\000j\000e\000\040\000d\000e\000\040\000P\000u\000n\000t\000o\000s\000\040\000d\000e\000\040\000C\000o\000r\000t\000e}{chapter.377}
\BOOKMARK [1][-]{section.399}{\376\377\0007\000.\0004\000\040\000L\000e\000n\000g\000u\000a\000j\000e\000\040\000d\000e\000\040\000A\000d\000v\000i\000c\000e\000s}{chapter.377}
\BOOKMARK [2][-]{subsection.400}{\376\377\0007\000.\0004\000.\0001\000\040\000A\000d\000v\000i\000c\000e\000\040\000d\000e\000l\000\040\000A\000s\000p\000e\000c\000t\000o\000\040\000d\000e\000\040\000F\000a\000c\000t\000u\000r\000a\000c\000i\000\363\000n}{section.399}
\BOOKMARK [1][-]{section.426}{\376\377\0007\000.\0005\000\040\000T\000e\000j\000i\000d\000o\000\040\000d\000e\000\040\000A\000s\000p\000e\000c\000t\000o\000s}{chapter.377}
\BOOKMARK [1][-]{section.427}{\376\377\0007\000.\0006\000\040\000E\000l\000e\000m\000e\000n\000t\000o\000s}{chapter.377}
\BOOKMARK [2][-]{subsubsection.429}{\376\377\0007\000.\0006\000.\0000\000.\0001\000\040\000E\000l\000e\000m\000e\000n\000t\000o\000\040\000A\000s\000p\000e\000c\000t}{section.427}
\BOOKMARK [3][-]{subsubsection.433}{\376\377\0007\000.\0006\000.\0000\000.\0002\000\040\000E\000l\000e\000m\000e\000n\000t\000o\000\040\000T\000r\000a\000n\000s\000i\000t\000i\000o\000n\000\040\000P\000o\000i\000n\000t}{subsubsection.429}
\BOOKMARK [3][-]{subsubsection.437}{\376\377\0007\000.\0006\000.\0000\000.\0003\000\040\000E\000l\000e\000m\000e\000n\000t\000o\000\040\000A\000d\000v\000i\000c\000e}{subsubsection.429}
\BOOKMARK [3][-]{subsubsection.441}{\376\377\0007\000.\0006\000.\0000\000.\0004\000\040\000E\000l\000e\000m\000e\000n\000t\000o\000\040\000I\000n\000s\000t\000r\000u\000c\000t\000i\000o\000n}{subsubsection.429}
\BOOKMARK [1][-]{section.445}{\376\377\0007\000.\0007\000\040\000M\000a\000n\000e\000j\000o\000\040\000d\000e\000\040\000I\000n\000t\000e\000r\000f\000e\000r\000e\000n\000c\000i\000a\000s}{chapter.377}
\BOOKMARK [2][-]{subsection.476}{\376\377\0007\000.\0007\000.\0001\000\040\000\301\000r\000b\000o\000l\000\040\000d\000e\000\040\000R\000e\000c\000u\000b\000r\000i\000m\000i\000e\000n\000t\000o}{section.445}
\BOOKMARK [1][-]{section.485}{\376\377\0007\000.\0008\000\040\000P\000r\000u\000e\000b\000a\000s}{chapter.377}
\BOOKMARK [0][-]{chapter.495}{\376\377\0008\000\040\000C\000o\000n\000c\000l\000u\000s\000i\000o\000n\000e\000s\000\040\000y\000\040\000T\000r\000a\000b\000a\000j\000o\000\040\000F\000u\000t\000u\000r\000o}{}
\BOOKMARK [1][-]{section.496}{\376\377\0008\000.\0001\000\040\000C\000o\000n\000c\000l\000u\000s\000i\000o\000n\000e\000s}{chapter.495}
\BOOKMARK [1][-]{section.497}{\376\377\0008\000.\0002\000\040\000T\000r\000a\000b\000a\000j\000o\000\040\000F\000u\000t\000u\000r\000o}{chapter.495}
\BOOKMARK [0][-]{dummy.498}{\376\377\000B\000i\000b\000l\000i\000o\000g\000r\000a\000f\000\355\000a}{}
