This is pdfTeX, Version 3.141592-1.40.4 (MiKTeX 2.7) (preloaded format=pdflatex 2008.12.12)  5 FEB 2009 13:06
entering extended mode
**D:/Uniandes/Cumbia/Tesis*2/Paper/paper.tex
("D:/Uniandes/Cumbia/Tesis 2/Paper/paper.tex"
LaTeX2e <2005/12/01>
Babel <v3.8h> and hyphenation patterns for english, dumylang, nohyphenation, german, ngerman, french, loaded.
(hip2004.cls ("D:\Program Files\MiKTeX 2.7\tex\latex\base\article.cls"
Document Class: article 2005/09/16 v1.4f Standard LaTeX document class
("D:\Program Files\MiKTeX 2.7\tex\latex\base\size10.clo"
File: size10.clo 2005/09/16 v1.4f Standard LaTeX file (size option)
)
\c@part=\count79
\c@section=\count80
\c@subsection=\count81
\c@subsubsection=\count82
\c@paragraph=\count83
\c@subparagraph=\count84
\c@figure=\count85
\c@table=\count86
\abovecaptionskip=\skip41
\belowcaptionskip=\skip42
\bibindent=\dimen102
) ("D:\Program Files\MiKTeX 2.7\tex\latex\psnfss\times.sty"
Package: times 2005/04/12 PSNFSS-v9.2a (SPQR) 
)
("D:\Program Files\MiKTeX 2.7\tex\latex\base\fontenc.sty"
Package: fontenc 2005/09/27 v1.99g Standard LaTeX package
 ("D:\Program Files\MiKTeX 2.7\tex\latex\base\t1enc.def"
File: t1enc.def 2005/09/27 v1.99g Standard LaTeX file
LaTeX Font Info:    Redeclaring font encoding T1 on input line 43.
))
("D:\Program Files\MiKTeX 2.7\tex\latex\graphics\graphicx.sty"
Package: graphicx 1999/02/16 v1.0f Enhanced LaTeX Graphics (DPC,SPQR)

("D:\Program Files\MiKTeX 2.7\tex\latex\graphics\keyval.sty"
Package: keyval 1999/03/16 v1.13 key=value parser (DPC)
\KV@toks@=\toks14
)
("D:\Program Files\MiKTeX 2.7\tex\latex\graphics\graphics.sty"
Package: graphics 2006/02/20 v1.0o Standard LaTeX Graphics (DPC,SPQR)
 ("D:\Program Files\MiKTeX 2.7\tex\latex\graphics\trig.sty"
Package: trig 1999/03/16 v1.09 sin cos tan (DPC)
) ("D:\Program Files\MiKTeX 2.7\tex\latex\00miktex\graphics.cfg"
File: graphics.cfg 2007/01/18 v1.5 graphics configuration of teTeX/TeXLive
)
Package graphics Info: Driver file: dvips.def on input line 90.

("D:\Program Files\MiKTeX 2.7\tex\latex\graphics\dvips.def"
File: dvips.def 1999/02/16 v3.0i Driver-dependant file (DPC,SPQR)
))
\Gin@req@height=\dimen103
\Gin@req@width=\dimen104
)
("D:\Program Files\MiKTeX 2.7\tex\latex\fancyhdr\fancyhdr.sty"
\fancy@headwidth=\skip43
\f@ncyO@elh=\skip44
\f@ncyO@erh=\skip45
\f@ncyO@olh=\skip46
\f@ncyO@orh=\skip47
\f@ncyO@elf=\skip48
\f@ncyO@erf=\skip49
\f@ncyO@olf=\skip50
\f@ncyO@orf=\skip51
))
("D:\Program Files\MiKTeX 2.7\tex\latex\base\inputenc.sty"
Package: inputenc 2006/05/05 v1.1b Input encoding file
\inpenc@prehook=\toks15
\inpenc@posthook=\toks16
 ("D:\Program Files\MiKTeX 2.7\tex\latex\base\latin1.def"
File: latin1.def 2006/05/05 v1.1b Input encoding file
))
("D:\Program Files\MiKTeX 2.7\tex\latex\listings\listings.sty"
\lst@mode=\count87
\lst@gtempboxa=\box26
\lst@token=\toks17
\lst@length=\count88
\lst@currlwidth=\dimen105
\lst@column=\count89
\lst@pos=\count90
\lst@lostspace=\dimen106
\lst@width=\dimen107
\lst@newlines=\count91
\lst@lineno=\count92
\lst@maxwidth=\dimen108

("D:\Program Files\MiKTeX 2.7\tex\latex\listings\lstmisc.sty"
File: lstmisc.sty 2007/02/22 1.4 (Carsten Heinz)
\c@lstnumber=\count93
\lst@skipnumbers=\count94
\lst@framebox=\box27
)
("D:\Program Files\MiKTeX 2.7\tex\latex\listings\listings.cfg"
File: listings.cfg 2007/02/22 1.4 listings configuration
))
Package: listings 2007/02/22 1.4 (Carsten Heinz)

("D:\Program Files\MiKTeX 2.7\tex\latex\multirow\multirow.sty"
\bigstrutjot=\dimen109
) ("D:\Program Files\MiKTeX 2.7\tex\generic\babel\babel.sty"
Package: babel 2005/11/23 v3.8h The Babel package

*************************************
* Local config file bblopts.cfg used
*
("D:\Program Files\MiKTeX 2.7\tex\latex\00miktex\bblopts.cfg"
File: bblopts.cfg 2006/07/31 v1.0 MiKTeX 'babel' configuration
)
("D:\Program Files\MiKTeX 2.7\tex\generic\babel\spanish.ldf"
Language: spanish.ldf 2005/03/31 v4.2b Spanish support from the babel system
 ("D:\Program Files\MiKTeX 2.7\tex\generic\babel\babel.def"
File: babel.def 2005/11/23 v3.8h Babel common definitions
\babel@savecnt=\count95
\U@D=\dimen110
)

Package babel Warning: No hyphenation patterns were loaded for
(babel)                the language `Spanish'
(babel)                I will use the patterns loaded for \language=0 instead.

\l@spanish = a dialect from \language0
\es@quottoks=\toks18
\es@quotdepth=\count96
Package babel Info: Making . an active character on input line 509.
Package babel Info: Making " an active character on input line 540.
Package babel Info: Making < an active character on input line 641.
Package babel Info: Making > an active character on input line 642.
)) ("D:\Program Files\MiKTeX 2.7\tex\latex\natbib\natbib.sty"
Package: natbib 2007/10/30 8.1 (PWD)
\bibhang=\skip52
\bibsep=\skip53
LaTeX Info: Redefining \cite on input line 602.
\c@NAT@ctr=\count97
) ("D:\Program Files\MiKTeX 2.7\tex\latex\tools\verbatim.sty"
Package: verbatim 2003/08/22 v1.5q LaTeX2e package for verbatim enhancements
\every@verbatim=\toks19
\verbatim@line=\toks20
\verbatim@in@stream=\read1
) ("D:\Program Files\MiKTeX 2.7\tex\latex\vector\vector.sty"
Package: vector 1994/09/16 v1.0 vector macros for LaTeX2e (nde)
 ("D:\Program Files\MiKTeX 2.7\tex\latex\base\ifthen.sty"
Package: ifthen 2001/05/26 v1.1c Standard LaTeX ifthen package (DPC)
) ("D:\Program Files\MiKTeX 2.7\tex\latex\tools\calc.sty"
Package: calc 2005/08/06 v4.2 Infix arithmetic (KKT,FJ)
\calc@Acount=\count98
\calc@Bcount=\count99
\calc@Adimen=\dimen111
\calc@Bdimen=\dimen112
\calc@Askip=\skip54
\calc@Bskip=\skip55
LaTeX Info: Redefining \setlength on input line 75.
LaTeX Info: Redefining \addtolength on input line 76.
\calc@Ccount=\count100
\calc@Cskip=\skip56
)
\c@vec@elem=\count101
) ("D:\Program Files\MiKTeX 2.7\tex\latex\graphics\color.sty"
Package: color 2005/11/14 v1.0j Standard LaTeX Color (DPC)

("D:\Program Files\MiKTeX 2.7\tex\latex\00miktex\color.cfg"
File: color.cfg 2007/01/18 v1.5 color configuration of teTeX/TeXLive
)
Package color Info: Driver file: pdftex.def on input line 130.
 ("D:\Program Files\MiKTeX 2.7\tex\latex\graphics\pdftex.def"
File: pdftex.def 2007/06/12 v0.04h Graphics/color for pdfTeX
\Gread@gobject=\count102
)) ("D:\Program Files\MiKTeX 2.7\tex\latex\listings\lstlang1.sty"
File: lstlang1.sty 2004/09/05 1.3 listings language file
) (paper.aux

LaTeX Warning: Label `section:ElementProcess' multiply defined.


LaTeX Warning: Label `section:ElementAdvice' multiply defined.

)
LaTeX Font Info:    Checking defaults for OML/cmm/m/it on input line 38.
LaTeX Font Info:    ... okay on input line 38.
LaTeX Font Info:    Checking defaults for T1/cmr/m/n on input line 38.
LaTeX Font Info:    ... okay on input line 38.
LaTeX Font Info:    Checking defaults for OT1/cmr/m/n on input line 38.
LaTeX Font Info:    ... okay on input line 38.
LaTeX Font Info:    Checking defaults for OMS/cmsy/m/n on input line 38.
LaTeX Font Info:    ... okay on input line 38.
LaTeX Font Info:    Checking defaults for OMX/cmex/m/n on input line 38.
LaTeX Font Info:    ... okay on input line 38.
LaTeX Font Info:    Checking defaults for U/cmr/m/n on input line 38.
LaTeX Font Info:    ... okay on input line 38.
LaTeX Font Info:    Try loading font information for T1+ptm on input line 38.
 ("D:\Program Files\MiKTeX 2.7\tex\latex\psnfss\t1ptm.fd"
File: t1ptm.fd 2001/06/04 font definitions for T1/ptm.
)
\c@lstlisting=\count103
 ("D:\Program Files\MiKTeX 2.7\tex\context\base\supp-pdf.tex"
[Loading MPS to PDF converter (version 2006.09.02).]
\scratchcounter=\count104
\scratchdimen=\dimen113
\scratchbox=\box28
\nofMPsegments=\count105
\nofMParguments=\count106
\MPscratchCnt=\count107
\MPscratchDim=\dimen114
\MPnumerator=\count108
\everyMPtoPDFconversion=\toks21
)
LaTeX Font Info:    Font shape `T1/ptm/bx/n' in size <17.28> not available
(Font)              Font shape `T1/ptm/b/n' tried instead on input line 48.
LaTeX Font Info:    Try loading font information for T1+phv on input line 48.
 ("D:\Program Files\MiKTeX 2.7\tex\latex\psnfss\t1phv.fd"
File: t1phv.fd 2001/06/04 scalable font definitions for T1/phv.
)
LaTeX Font Info:    Font shape `T1/phv/bx/n' in size <17.28> not available
(Font)              Font shape `T1/phv/b/n' tried instead on input line 48.
LaTeX Font Info:    External font `cmex10' loaded for size
(Font)              <12> on input line 48.
LaTeX Font Info:    External font `cmex10' loaded for size
(Font)              <8> on input line 48.
LaTeX Font Info:    External font `cmex10' loaded for size
(Font)              <6> on input line 48.
LaTeX Font Info:    Try loading font information for T1+pcr on input line 48.
 ("D:\Program Files\MiKTeX 2.7\tex\latex\psnfss\t1pcr.fd"
File: t1pcr.fd 2001/06/04 font definitions for T1/pcr.
)
LaTeX Font Info:    Font shape `T1/ptm/bx/n' in size <12> not available
(Font)              Font shape `T1/ptm/b/n' tried instead on input line 52.
LaTeX Font Info:    Font shape `T1/phv/bx/n' in size <12> not available
(Font)              Font shape `T1/phv/b/n' tried instead on input line 52.
LaTeX Font Info:    Font shape `T1/ptm/bx/n' in size <10> not available
(Font)              Font shape `T1/ptm/b/n' tried instead on input line 57.

[1{C:/Documents and Settings/All Users/Application Data/MiKTeX/2.7/pdftex/config/pdftex.map}


]
LaTeX Font Info:    Font shape `T1/ptm/bx/n' in size <10.95> not available
(Font)              Font shape `T1/ptm/b/n' tried instead on input line 93.
LaTeX Font Info:    Font shape `T1/phv/bx/n' in size <10.95> not available
(Font)              Font shape `T1/phv/b/n' tried instead on input line 93.
LaTeX Font Info:    Font shape `T1/phv/bx/n' in size <10> not available
(Font)              Font shape `T1/phv/b/n' tried instead on input line 96.
 [2]
LaTeX Font Info:    External font `cmex10' loaded for size
(Font)              <7> on input line 146.
LaTeX Font Info:    External font `cmex10' loaded for size
(Font)              <5> on input line 146.
LaTeX Font Info:    Font shape `T1/phv/bx/it' in size <10.95> not available
(Font)              Font shape `T1/phv/b/it' tried instead on input line 152.
LaTeX Font Info:    Font shape `T1/phv/b/it' in size <10.95> not available
(Font)              Font shape `T1/phv/b/sl' tried instead on input line 152.
 [3]
LaTeX Font Info:    Font shape `T1/ptm/bx/n' in size <8> not available
(Font)              Font shape `T1/ptm/b/n' tried instead on input line 165.
 [4]
Underfull \hbox (badness 1824) in paragraph at lines 194--195
\T1/ptm/m/n/10 as-pec-to in-fluye pos-i-ti-va-mente en el cor-rec-to fun-
 []


Underfull \hbox (badness 1616) in paragraph at lines 200--200
[]\T1/phv/b/n/10.95 Interferencia Semán-ti-ca En-tre As-
 []



pdfTeX warning:  (file D:/Uniandes/Cumbia/Tesis 2/Paper/Figures/InterferenceExample.pdf): PDF inclusion: found PDF versi
on <1.5>, but at most version <1.4> allowed
<./Figures/InterferenceExample.pdf, id=20, 236.38269pt x 61.3541pt>
File: ./Figures/InterferenceExample.pdf Graphic file (type pdf)
 <use ./Figures/InterferenceExample.pdf>
Overfull \hbox (18.22739pt too wide) in paragraph at lines 210--212
 [][] 
 []

[5 <D:/Uniandes/Cumbia/Tesis 2/Paper/Figures/InterferenceExample.pdf>]

pdfTeX warning:  (file D:/Uniandes/Cumbia/Tesis 2/Paper/Figures/MotorolaWeavr.pdf): PDF inclusion: found PDF version <1.
5>, but at most version <1.4> allowed
<./Figures/MotorolaWeavr.pdf, id=74, 223.54616pt x 211.47813pt>
File: ./Figures/MotorolaWeavr.pdf Graphic file (type pdf)
 <use ./Figures/MotorolaWeavr.pdf>
Overfull \hbox (5.39088pt too wide) in paragraph at lines 302--304
 [][] 
 []

[6]
Underfull \vbox (badness 1360) has occurred while \output is active []

LaTeX Font Info:    Try loading font information for OMS+ptm on input line 341.

("D:\Program Files\MiKTeX 2.7\tex\latex\psnfss\omsptm.fd"
File: omsptm.fd 
)
LaTeX Font Info:    Font shape `OMS/ptm/m/n' in size <8> not available
(Font)              Font shape `OMS/cmsy/m/n' tried instead on input line 341.

Underfull \hbox (badness 1571) in paragraph at lines 352--352
[]\T1/phv/b/n/10 Etapa de Ab-strac-ción de Com-por-
 []

[7 <D:/Uniandes/Cumbia/Tesis 2/Paper/Figures/MotorolaWeavr.pdf>]

pdfTeX warning:  (file D:/Uniandes/Cumbia/Tesis 2/Paper/Figures/CompStages.pdf): PDF inclusion: found PDF version <1.5>,
 but at most version <1.4> allowed
<./Figures/CompStages.pdf, id=103, 253.3209pt x 341.39983pt>
File: ./Figures/CompStages.pdf Graphic file (type pdf)
 <use ./Figures/CompStages.pdf>
Overfull \hbox (35.16556pt too wide) in paragraph at lines 367--369
 [][] 
 []


Underfull \hbox (badness 10000) in paragraph at lines 376--376
[]\T1/phv/b/n/12 Aspect-Oriented Work-flow Lan-
 []


Underfull \hbox (badness 1960) in paragraph at lines 378--379
[]\T1/ptm/m/n/10 Éste capí-tu-lo pre-sen-ta las lim-ita-ciones de los
 []


Underfull \hbox (badness 4144) in paragraph at lines 387--387
[]\T1/phv/b/n/10.95 Problemas de Mod-u-lar-ización de
 []

[8 <D:/Uniandes/Cumbia/Tesis 2/Paper/Figures/CompStages.pdf>]

pdfTeX warning:  (file D:/Uniandes/Cumbia/Tesis 2/Paper/Figures/EjemploShazam.pdf): PDF inclusion: found PDF version <1.
5>, but at most version <1.4> allowed
<./Figures/EjemploShazam.pdf, id=187, 172.16585pt x 241.5559pt>
File: ./Figures/EjemploShazam.pdf Graphic file (type pdf)
 <use ./Figures/EjemploShazam.pdf>

pdfTeX warning:  (file D:/Uniandes/Cumbia/Tesis 2/Paper/Figures/EjemploShazamContador.pdf): PDF inclusion: found PDF ver
sion <1.5>, but at most version <1.4> allowed
<./Figures/EjemploShazamContador.pdf, id=188, 173.4751pt x 352.18716pt>
File: ./Figures/EjemploShazamContador.pdf Graphic file (type pdf)
 <use ./Figures/EjemploShazamContador.pdf>
Underfull \hbox (badness 5231) in paragraph at lines 409--418
[]\T1/ptm/m/n/10 Para poder im-ple-men-tar la fun-cional-i-dad de
 []

[9 <D:/Uniandes/Cumbia/Tesis 2/Paper/Figures/EjemploShazam.pdf, page is rotated 90 degrees> <D:/Uniandes/Cumbia/Tesis 2/
Paper/Figures/EjemploShazamContador.pdf, page is rotated 90 degrees>]

pdfTeX warning:  (file D:/Uniandes/Cumbia/Tesis 2/Paper/Figures/EjemploShazamTemporizador.pdf): PDF inclusion: found PDF
 version <1.5>, but at most version <1.4> allowed
<./Figures/EjemploShazamTemporizador.pdf, id=236, 173.4751pt x 460.85458pt>
File: ./Figures/EjemploShazamTemporizador.pdf Graphic file (type pdf)

<use ./Figures/EjemploShazamTemporizador.pdf>
Underfull \hbox (badness 1122) in paragraph at lines 441--442
\T1/ptm/m/n/10 por-tamien-tos in-es-per-a-dos de-bido a la in-ter-ac-
 []

[10 <D:/Uniandes/Cumbia/Tesis 2/Paper/Figures/EjemploShazamTemporizador.pdf, page is rotated 90 degrees>]

pdfTeX warning:  (file D:/Uniandes/Cumbia/Tesis 2/Paper/Figures/EjemploShazamPromoCode.pdf): PDF inclusion: found PDF ve
rsion <1.5>, but at most version <1.4> allowed
<./Figures/EjemploShazamPromoCode.pdf, id=262, 173.92741pt x 291.60956pt>
File: ./Figures/EjemploShazamPromoCode.pdf Graphic file (type pdf)
 <use ./Figures/EjemploShazamPromoCode.pdf>
Underfull \hbox (badness 1776) in paragraph at lines 461--462
[]\T1/ptm/m/n/10 Los lengua-jes ori-en-ta-dos por as-pec-tos de-finen
 []

LaTeX Font Info:    Font shape `T1/phv/bx/it' in size <10> not available
(Font)              Font shape `T1/phv/b/it' tried instead on input line 463.
LaTeX Font Info:    Font shape `T1/phv/b/it' in size <10> not available
(Font)              Font shape `T1/phv/b/sl' tried instead on input line 463.
LaTeX Font Info:    Font shape `T1/ptm/bx/it' in size <10> not available
(Font)              Font shape `T1/ptm/b/it' tried instead on input line 468.
[11 <D:/Uniandes/Cumbia/Tesis 2/Paper/Figures/EjemploShazamPromoCode.pdf, page is rotated 90 degrees>] [12]

pdfTeX warning:  (file D:/Uniandes/Cumbia/Tesis 2/Paper/Figures/opnObject.pdf): PDF inclusion: found PDF version <1.5>, 
but at most version <1.4> allowed
<./Figures/opnObject.pdf, id=299, 236.20517pt x 156.08879pt>
File: ./Figures/opnObject.pdf Graphic file (type pdf)
 <use ./Figures/opnObject.pdf>
Overfull \hbox (18.04985pt too wide) in paragraph at lines 534--536
 [][] 
 []

[13 <D:/Uniandes/Cumbia/Tesis 2/Paper/Figures/opnObject.pdf>]

pdfTeX warning:  (file D:/Uniandes/Cumbia/Tesis 2/Paper/Figures/application.pdf): PDF inclusion: found PDF version <1.5>
, but at most version <1.4> allowed
<./Figures/application.pdf, id=445, 122.24654pt x 120.17459pt>
File: ./Figures/application.pdf Graphic file (type pdf)
 <use ./Figures/application.pdf>
Underfull \hbox (badness 1931) in paragraph at lines 573--574
\T1/ptm/m/n/10 mar-co de in-ves-ti-gación del proyec-to Cumbia. La
 []

[14 <D:/Uniandes/Cumbia/Tesis 2/Paper/Figures/application.pdf>]
Underfull \hbox (badness 1546) in paragraph at lines 650--651
[]\T1/ptm/m/n/10 BPEL no tiene un el-e-men-to lla-ma-do "`condi-
 []

[15]

pdfTeX warning:  (file D:/Uniandes/Cumbia/Tesis 2/Paper/Figures/Caffeine.pdf): PDF inclusion: found PDF version <1.5>, b
ut at most version <1.4> allowed
<./Figures/Caffeine.pdf, id=472, 147.87451pt x 84.24365pt>
File: ./Figures/Caffeine.pdf Graphic file (type pdf)
 <use ./Figures/Caffeine.pdf>
("D:\Program Files\MiKTeX 2.7\tex\latex\listings\lstlang1.sty"
File: lstlang1.sty 2004/09/05 1.3 listings language file
)
("D:\Program Files\MiKTeX 2.7\tex\latex\listings\lstmisc.sty"
File: lstmisc.sty 2007/02/22 1.4 (Carsten Heinz)
) [16 <D:/Uniandes/Cumbia/Tesis 2/Paper/Figures/Caffeine.pdf, page is rotated 90 degrees>]

pdfTeX warning:  (file D:/Uniandes/Cumbia/Tesis 2/Paper/Figures/CaffeineEngine.pdf): PDF inclusion: found PDF version <1
.5>, but at most version <1.4> allowed
<./Figures/CaffeineEngine.pdf, id=499, 148.77074pt x 112.92236pt>
File: ./Figures/CaffeineEngine.pdf Graphic file (type pdf)
 <use ./Figures/CaffeineEngine.pdf>

pdfTeX warning:  (file D:/Uniandes/Cumbia/Tesis 2/Paper/Figures/CaffeineImporter.pdf): PDF inclusion: found PDF version 
<1.5>, but at most version <1.4> allowed
<./Figures/CaffeineImporter.pdf, id=500, 138.0162pt x 81.55505pt>
File: ./Figures/CaffeineImporter.pdf Graphic file (type pdf)
 <use ./Figures/CaffeineImporter.pdf> [17 <D:/Uniandes/Cumbia/Tesis 2/Paper/Figures/CaffeineEngine.pdf, page is rotated 
90 degrees>]
Underfull \hbox (badness 2245) in paragraph at lines 836--837
[]\T1/ptm/m/n/10 Una prue-ba en el \T1/ptm/m/it/10 Cumbi-aT-est-Frame-work \T1/ptm/m/n/10 es-tá
 []

[18 <D:/Uniandes/Cumbia/Tesis 2/Paper/Figures/CaffeineImporter.pdf, page is rotated 90 degrees>] [19]
Overfull \hbox (28.2474pt too wide) in paragraph at lines 934--935
[][] 
 []


Overfull \hbox (28.2474pt too wide) in paragraph at lines 940--941
[][] 
 []


LaTeX Warning: Reference `section:AspectoFacturacion' on page 20 undefined on input line 950.

[20] [21]

LaTeX Warning: Reference `fig:GrafoCompleto' on page 22 undefined on input line 1063.


LaTeX Warning: Reference `fig:GrafoCompleto' on page 22 undefined on input line 1071.


LaTeX Warning: Reference `fig:Arbol4' on page 22 undefined on input line 1079.

[22] (paper.bbl
Underfull \vbox (badness 7221) has occurred while \output is active []

 [23]
Underfull \hbox (badness 2189) in paragraph at lines 85--88
[]\T1/ptm/m/n/10 K. J. Lieber-herr, I. M. Hol-land, and A. J.
 []


Underfull \hbox (badness 1152) in paragraph at lines 109--113
[]\T1/ptm/m/n/10 C.Ñ. and V. C.  Com-posi-ción y adaptación
 []

[24]) [25

] (paper.aux)

LaTeX Warning: There were undefined references.


LaTeX Warning: There were multiply-defined labels.

 ) 
Here is how much of TeX's memory you used:
 4536 strings out of 95340
 56396 string characters out of 1184154
 232183 words of memory out of 1500000
 7650 multiletter control sequences out of 110000
 60448 words of font info for 63 fonts, out of 1200000 for 2000
 14 hyphenation exceptions out of 8191
 32i,12n,51p,1759b,1791s stack positions out of 5000i,500n,10000p,200000b,5000s
{D:/Program Files/MiKTeX 2.7/fonts/enc/dvips/8r.enc}<D:/Program Files/MiKTeX 2.7/fonts/type1/bluesky/cm/cmr7.pfb><D:/P
rogram Files/MiKTeX 2.7/fonts/type1/bluesky/cm/cmr9.pfb><D:/Program Files/MiKTeX 2.7/fonts/type1/bluesky/cm/cmsy8.pfb><D
:/Program Files/MiKTeX 2.7/fonts/type1/bluesky/cm/cmsy9.pfb><D:/Program Files/MiKTeX 2.7/fonts/type1/bluesky/cm/cmti9.pf
b><D:/Program Files/MiKTeX 2.7/fonts/type1/bluesky/cm/cmtt8.pfb><D:/Program Files/MiKTeX 2.7/fonts/type1/public/cour/cou
r.pfa><D:/Program Files/MiKTeX 2.7/fonts/type1/public/cm-super/sfrm0800.pfb><D:/Program Files/MiKTeX 2.7/fonts/type1/pub
lic/cm-super/sfrm0900.pfb><D:/Program Files/MiKTeX 2.7/fonts/type1/public/cm-super/sfrm1000.pfb><D:/Program Files/MiKTeX
 2.7/fonts/type1/urw/courier/ucrr8a.pfb><D:/Program Files/MiKTeX 2.7/fonts/type1/urw/helvetic/uhvb8a.pfb><D:/Program Fil
es/MiKTeX 2.7/fonts/type1/urw/helvetic/uhvbo8a.pfb><D:/Program Files/MiKTeX 2.7/fonts/type1/urw/times/utmb8a.pfb><D:/Pro
gram Files/MiKTeX 2.7/fonts/type1/urw/times/utmbi8a.pfb><D:/Program Files/MiKTeX 2.7/fonts/type1/urw/times/utmr8a.pfb><D
:/Program Files/MiKTeX 2.7/fonts/type1/urw/times/utmri8a.pfb>
Output written on paper.pdf (25 pages, 1069271 bytes).
PDF statistics:
 824 PDF objects out of 1000 (max. 8388607)
 0 named destinations out of 1000 (max. 131072)
 61 words of extra memory for PDF output out of 10000 (max. 10000000)

