This is pdfTeX, Version 3.141592-1.40.4 (MiKTeX 2.7) (preloaded format=pdflatex 2008.12.12)  29 JAN 2009 19:11
entering extended mode
**D:/Uniandes/Cumbia/Tesis*2/Paper/ACM/Copy*of*sigproc-sp.tex
("D:/Uniandes/Cumbia/Tesis 2/Paper/ACM/Copy of sigproc-sp.tex"
LaTeX2e <2005/12/01>
Babel <v3.8h> and hyphenation patterns for english, dumylang, nohyphenation, german, ngerman, french, loaded.
(acm_proc_article-sp.cls ("D:\Program Files\MiKTeX 2.7\tex\latex\graphics\epsfig.sty"
Package: epsfig 1999/02/16 v1.7a (e)psfig emulation (SPQR)

("D:\Program Files\MiKTeX 2.7\tex\latex\graphics\graphicx.sty"
Package: graphicx 1999/02/16 v1.0f Enhanced LaTeX Graphics (DPC,SPQR)

("D:\Program Files\MiKTeX 2.7\tex\latex\graphics\keyval.sty"
Package: keyval 1999/03/16 v1.13 key=value parser (DPC)
\KV@toks@=\toks14
)
("D:\Program Files\MiKTeX 2.7\tex\latex\graphics\graphics.sty"
Package: graphics 2006/02/20 v1.0o Standard LaTeX Graphics (DPC,SPQR)
 ("D:\Program Files\MiKTeX 2.7\tex\latex\graphics\trig.sty"
Package: trig 1999/03/16 v1.09 sin cos tan (DPC)
) ("D:\Program Files\MiKTeX 2.7\tex\latex\00miktex\graphics.cfg"
File: graphics.cfg 2007/01/18 v1.5 graphics configuration of teTeX/TeXLive
)
Package graphics Info: Driver file: pdftex.def on input line 90.

("D:\Program Files\MiKTeX 2.7\tex\latex\graphics\pdftex.def"
File: pdftex.def 2007/06/12 v0.04h Graphics/color for pdfTeX
\Gread@gobject=\count79
))
\Gin@req@height=\dimen102
\Gin@req@width=\dimen103
)
\epsfxsize=\dimen104
\epsfysize=\dimen105
)
("D:\Program Files\MiKTeX 2.7\tex\latex\amsfonts\amssymb.sty"
Package: amssymb 2002/01/22 v2.2d

("D:\Program Files\MiKTeX 2.7\tex\latex\amsfonts\amsfonts.sty"
Package: amsfonts 2001/10/25 v2.2f
\@emptytoks=\toks15
\symAMSa=\mathgroup4
\symAMSb=\mathgroup5
LaTeX Font Info:    Overwriting math alphabet `\mathfrak' in version `bold'
(Font)                  U/euf/m/n --> U/euf/b/n on input line 132.
))
("D:\Program Files\MiKTeX 2.7\tex\latex\amsmath\amsmath.sty"
Package: amsmath 2000/07/18 v2.13 AMS math features
\@mathmargin=\skip41

For additional information on amsmath, use the `?' option.
("D:\Program Files\MiKTeX 2.7\tex\latex\amsmath\amstext.sty"
Package: amstext 2000/06/29 v2.01
 ("D:\Program Files\MiKTeX 2.7\tex\latex\amsmath\amsgen.sty"
File: amsgen.sty 1999/11/30 v2.0
\@emptytoks=\toks16
\ex@=\dimen106
)) ("D:\Program Files\MiKTeX 2.7\tex\latex\amsmath\amsbsy.sty"
Package: amsbsy 1999/11/29 v1.2d
\pmbraise@=\dimen107
)
("D:\Program Files\MiKTeX 2.7\tex\latex\amsmath\amsopn.sty"
Package: amsopn 1999/12/14 v2.01 operator names
)
\inf@bad=\count80
LaTeX Info: Redefining \frac on input line 211.
\uproot@=\count81
\leftroot@=\count82
LaTeX Info: Redefining \overline on input line 307.
\classnum@=\count83
\DOTSCASE@=\count84
LaTeX Info: Redefining \ldots on input line 379.
LaTeX Info: Redefining \dots on input line 382.
LaTeX Info: Redefining \cdots on input line 467.
\Mathstrutbox@=\box26
\strutbox@=\box27
\big@size=\dimen108
LaTeX Font Info:    Redeclaring font encoding OML on input line 567.
LaTeX Font Info:    Redeclaring font encoding OMS on input line 568.
\macc@depth=\count85
\c@MaxMatrixCols=\count86
\dotsspace@=\muskip10
\c@parentequation=\count87
\dspbrk@lvl=\count88
\tag@help=\toks17
\row@=\count89
\column@=\count90
\maxfields@=\count91
\andhelp@=\toks18
\eqnshift@=\dimen109
\alignsep@=\dimen110
\tagshift@=\dimen111
\tagwidth@=\dimen112
\totwidth@=\dimen113
\lineht@=\dimen114
\@envbody=\toks19
\multlinegap=\skip42
\multlinetaggap=\skip43
\mathdisplay@stack=\toks20
LaTeX Info: Redefining \[ on input line 2666.
LaTeX Info: Redefining \] on input line 2667.
)
Document Class 'acm_proc_article-sp' <24th. Feb. '00>. Modified by G.K.M. Tobin
Based in part upon document Style `acmconf' <22 May 89>. Hacked 4/91 by
shivers@cs.cmu.edu, 4/93 by theobald@cs.mcgill.ca
Excerpts were taken from (Journal Style) 'esub2acm.cls'.
****** Bugs/comments/suggestions to Gerry Murray -- murray@hq.acm.org ******
\footheight=\dimen115
\@maxsep=\dimen116
\@dblmaxsep=\dimen117
\aucount=\count92
\originalaucount=\count93
\auwidth=\dimen118
\auskip=\dimen119
\auskipcount=\count94
\auskip=\dimen120
\allauboxes=\dimen121
\addauthors=\toks21
\addauflag=\count95
\subtitletext=\toks22
\savesection=\count96
\sectioncntr=\count97
\c@figure=\count98
\c@table=\count99
\titleboxnotes=\toks23
\titleboxnoteflag=\count100
Document Class: acm_proc_article-sp 2000/02/24 - V2.01SP - based on esub2acm.sty <23 April 96>
("D:\Program Files\MiKTeX 2.7\tex\latex\base\latexsym.sty"
Package: latexsym 1998/08/17 v2.2e Standard LaTeX package (lasy symbols)
\symlasy=\mathgroup6
LaTeX Font Info:    Overwriting symbol font `lasy' in version `bold'
(Font)                  U/lasy/m/n --> U/lasy/b/n on input line 47.
)
\@acmtitlebox=\box28
\titlenotecount=\count101
\tntoks=\toks24
\tntokstwo=\toks25
\tntoksthree=\toks26
\tntoksfour=\toks27
\tntoksfive=\toks28
\catcount=\count102
\copyrightnotice=\toks29
\conf=\toks30
\confinfo=\toks31
\c@part=\count103
\c@section=\count104
\c@subsection=\count105
\c@subsubsection=\count106
\c@paragraph=\count107

Using 'Abbrev' bibliography style
\bibindent=\dimen122
\colcntr=\count108
\savebox=\box29
\copyrtyr=\toks32
\acmcopyr=\toks33
\boilerplate=\toks34
\copyrightetc=\toks35
) ("D:\Program Files\MiKTeX 2.7\tex\latex\psnfss\times.sty"
Package: times 2005/04/12 PSNFSS-v9.2a (SPQR) 
)
No file Copy*of*sigproc-sp.aux.
LaTeX Font Info:    Checking defaults for OML/cmm/m/it on input line 42.
LaTeX Font Info:    ... okay on input line 42.
LaTeX Font Info:    Checking defaults for T1/cmr/m/n on input line 42.
LaTeX Font Info:    ... okay on input line 42.
LaTeX Font Info:    Checking defaults for OT1/cmr/m/n on input line 42.
LaTeX Font Info:    ... okay on input line 42.
LaTeX Font Info:    Checking defaults for OMS/cmsy/m/n on input line 42.
LaTeX Font Info:    ... okay on input line 42.
LaTeX Font Info:    Checking defaults for OMX/cmex/m/n on input line 42.
LaTeX Font Info:    ... okay on input line 42.
LaTeX Font Info:    Checking defaults for U/cmr/m/n on input line 42.
LaTeX Font Info:    ... okay on input line 42.
LaTeX Font Info:    Try loading font information for OT1+ptm on input line 42.
("D:\Program Files\MiKTeX 2.7\tex\latex\psnfss\ot1ptm.fd"
File: ot1ptm.fd 2001/06/04 font definitions for OT1/ptm.
) ("D:\Program Files\MiKTeX 2.7\tex\context\base\supp-pdf.tex"
[Loading MPS to PDF converter (version 2006.09.02).]
\scratchcounter=\count109
\scratchdimen=\dimen123
\scratchbox=\box30
\nofMPsegments=\count110
\nofMParguments=\count111
\MPscratchCnt=\count112
\MPscratchDim=\dimen124
\MPnumerator=\count113
\everyMPtoPDFconversion=\toks36
)
LaTeX Font Info:    Try loading font information for U+msa on input line 110.
 ("D:\Program Files\MiKTeX 2.7\tex\latex\amsfonts\umsa.fd"
File: umsa.fd 2002/01/19 v2.2g AMS font definitions
)
LaTeX Font Info:    Try loading font information for U+msb on input line 110.
 ("D:\Program Files\MiKTeX 2.7\tex\latex\amsfonts\umsb.fd"
File: umsb.fd 2002/01/19 v2.2g AMS font definitions
)
LaTeX Font Info:    Try loading font information for U+lasy on input line 110.

("D:\Program Files\MiKTeX 2.7\tex\latex\base\ulasy.fd"
File: ulasy.fd 1998/08/17 v2.2e LaTeX symbol font definitions
)
LaTeX Font Info:    Try loading font information for OT1+phv on input line 110.
 ("D:\Program Files\MiKTeX 2.7\tex\latex\psnfss\ot1phv.fd"
File: ot1phv.fd 2001/06/04 scalable font definitions for OT1/phv.
)
LaTeX Font Info:    Try loading font information for OT1+pcr on input line 111.

("D:\Program Files\MiKTeX 2.7\tex\latex\psnfss\ot1pcr.fd"
File: ot1pcr.fd 2001/06/04 font definitions for OT1/pcr.
)
LaTeX Font Info:    Font shape `OT1/ptm/bx/n' in size <10> not available
(Font)              Font shape `OT1/ptm/b/n' tried instead on input line 133.

Overfull \hbox (14.29735pt too wide) in paragraph at lines 133--137
\OT1/ptm/m/n/10 H.4.m [\OT1/ptm/b/n/10 Information Sys-tems\OT1/ptm/m/n/10 ]: Mis-cel-la-neous; D.2 [\OT1/ptm/b/n/10 Sof
tware\OT1/ptm/m/n/10 ]:
 []

[1{C:/Documents and Settings/All Users/Application Data/MiKTeX/2.7/pdftex/config/pdftex.map}


]

LaTeX Warning: Citation `Lamport:LaTeX' on page \thepage  undefined on input line 216.


LaTeX Warning: Citation `Lamport:LaTeX' on page \thepage  undefined on input line 231.


LaTeX Warning: Citation `bowman:reasoning' on page \thepage  undefined on input line 257.


LaTeX Warning: Citation `clark:pct' on page \thepage  undefined on input line 257.


LaTeX Warning: Citation `braams:babel' on page \thepage  undefined on input line 257.


LaTeX Warning: Citation `herlihy:methodology' on page \thepage  undefined on input line 257.


LaTeX Warning: Citation `clark:pct' on page \thepage  undefined on input line 259.


LaTeX Warning: Citation `salas:calculus' on page \thepage  undefined on input line 259.


LaTeX Warning: Citation `Lamport:LaTeX' on page \thepage  undefined on input line 259.


LaTeX Warning: Citation `Lamport:LaTeX' on page \thepage  undefined on input line 265.


LaTeX Warning: Citation `Lamport:LaTeX' on page \thepage  undefined on input line 276.


Overfull \hbox (1.40843pt too wide) in paragraph at lines 304--311
 [][] 
 []


Overfull \hbox (2.14719pt too wide) in paragraph at lines 313--323
\OT1/ptm/m/n/10 column ta-ble, this wide ta-ble will ``float" to a lo-ca-tion deemed
 []

[2]

! LaTeX Error: Unknown graphics extension: .eps.

See the LaTeX manual or LaTeX Companion for explanation.
Type  H <return>  for immediate help.
 ...                                              
                                                  
l.351 \epsfig{file=fly.eps}
                           
Try typing  <return>  to proceed.
If that doesn't work, type  X <return>  to quit.


! LaTeX Error: Unknown graphics extension: .eps.

See the LaTeX manual or LaTeX Companion for explanation.
Type  H <return>  for immediate help.
 ...                                              
                                                  
l.357 \epsfig{file=fly.eps, height=1in, width=1in}
                                                  
Try typing  <return>  to proceed.
If that doesn't work, type  X <return>  to quit.

LaTeX Font Info:    Font shape `OT1/pcr/bx/n' in size <10> not available
(Font)              Font shape `OT1/pcr/b/n' tried instead on input line 359.

! LaTeX Error: Unknown graphics extension: .eps.

See the LaTeX manual or LaTeX Companion for explanation.
Type  H <return>  for immediate help.
 ...                                              
                                                  
l.369 \epsfig{file=flies.eps}
                             
Try typing  <return>  to proceed.
If that doesn't work, type  X <return>  to quit.


Overfull \hbox (6.39774pt too wide) in paragraph at lines 376--380
[]\OT1/ptm/m/n/10 Note that ei-ther \OT1/ptm/b/n/10 .ps \OT1/ptm/m/n/10 or \OT1/ptm/b/n/10 .eps \OT1/ptm/m/n/10 for-mats
 are used; use the \OT1/pcr/m/n/10 \epsfig
 []


! LaTeX Error: Unknown graphics extension: .ps.

See the LaTeX manual or LaTeX Companion for explanation.
Type  H <return>  for immediate help.
 ...                                              
                                                  
l.383 ...{file=rosette.ps, height=1in, width=1in,}
                                                  
Try typing  <return>  to proceed.
If that doesn't work, type  X <return>  to quit.

\c@theorem=\count114

Overfull \hbox (27.6383pt too wide) in paragraph at lines 398--402
[]\OT1/ptm/m/n/10 This uses the \OT1/ptm/b/n/10 the-o-rem \OT1/ptm/m/n/10 en-vi-ron-ment, cre-ated by the \OT1/pcr/m/n/1
0 \newtheorem
 []

\c@definition=\count115

Overfull \hbox (36.414pt too wide) detected at line 438
\OML/cmm/m/it/10 l \OT1/cmr/m/n/10 = [] \OML/cmm/m/it/10 f\OT1/cmr/m/n/10 (\OML/cmm/m/it/10 x\OT1/cmr/m/n/10 ) = [] [] =
 [] \OML/cmm/m/it/10 g\OT1/cmr/m/n/10 (\OML/cmm/m/it/10 x\OT1/cmr/m/n/10 ) \OMS/cmsy/m/n/10  [] [] \OT1/cmr/m/n/10 = 0 
\OMS/cmsy/m/n/10  \OML/cmm/m/it/10 L \OT1/cmr/m/n/10 = 0\OML/cmm/m/it/10 ;
 []


LaTeX Warning: Citation `salas:calculus' on page \thepage  undefined on input line 448.


Overfull \hbox (7.7676pt too wide) in paragraph at lines 442--452
\OT1/ptm/m/n/10 the two dif-fer-ent cre-ation com-mands are in the \OT1/ptm/m/it/10 Au-thor's Guide\OT1/ptm/m/n/10 ;
 []


Overfull \hbox (9.57925pt too wide) in paragraph at lines 442--452
\OT1/ptm/m/n/10 tion[\OT1/ptm/b/n/10 ?\OT1/ptm/m/n/10 ] shown above, use the \OT1/pcr/m/n/10 \newtheorem \OT1/ptm/m/n/10
 or the \OT1/pcr/m/n/10 \newdef
 []


Overfull \hbox (20.21826pt too wide) in paragraph at lines 454--464
\OT1/ptm/m/n/10 Because you have just been given per-mis-sion to use the \OT1/pcr/m/n/10 \newdef
 []

[3]
No file Copy*of*sigproc-sp.bbl.

Overfull \hbox (31.5184pt too wide) in paragraph at lines 529--533
\OT1/ptm/m/n/10 just add the names and in-for-ma-tion in the \OT1/pcr/m/n/10 \additionalauthors
 []

No file Copy*of*sigproc-sp.bbl.

Overfull \vbox (121.2497pt too high) has occurred while \output is active []

 [4] ("Copy of sigproc-sp.aux") ) 
Here is how much of TeX's memory you used:
 2088 strings out of 95340
 23465 string characters out of 1184154
 77812 words of memory out of 1500000
 5228 multiletter control sequences out of 110000
 51324 words of font info for 96 fonts, out of 1200000 for 2000
 14 hyphenation exceptions out of 8191
 39i,14n,26p,273b,352s stack positions out of 5000i,500n,10000p,200000b,5000s
{D:/Program Files/MiKTeX 2.7/fonts/enc/dvips/8r.enc}<D:/Program Files/MiKTeX 2.7/fonts/
type1/bluesky/cm/cmex10.pfb><D:/Program Files/MiKTeX 2.7/fonts/type1/bluesky/cm/cmmi10.pfb><D:/Program Files/MiKTeX 2.7/
fonts/type1/bluesky/cm/cmmi6.pfb><D:/Program Files/MiKTeX 2.7/fonts/type1/bluesky/cm/cmmi7.pfb><D:/Program Files/MiKTeX 
2.7/fonts/type1/bluesky/cm/cmr10.pfb><D:/Program Files/MiKTeX 2.7/fonts/type1/bluesky/cm/cmr6.pfb><D:/Program Files/MiKT
eX 2.7/fonts/type1/bluesky/cm/cmr7.pfb><D:/Program Files/MiKTeX 2.7/fonts/type1/bluesky/cm/cmr9.pfb><D:/Program Files/Mi
KTeX 2.7/fonts/type1/bluesky/cm/cmsy10.pfb><D:/Program Files/MiKTeX 2.7/fonts/type1/bluesky/cm/cmsy7.pfb><D:/Program Fil
es/MiKTeX 2.7/fonts/type1/bluesky/cm/cmsy9.pfb><D:/Program Files/MiKTeX 2.7/fonts/type1/urw/courier/ucrb8a.pfb><D:/Progr
am Files/MiKTeX 2.7/fonts/type1/urw/courier/ucrr8a.pfb><D:/Program Files/MiKTeX 2.7/fonts/type1/urw/helvetic/uhvb8a.pfb>
<D:/Program Files/MiKTeX 2.7/fonts/type1/urw/helvetic/uhvbo8a.pfb><D:/Program Files/MiKTeX 2.7/fonts/type1/urw/helvetic/
uhvr8a.pfb><D:/Program Files/MiKTeX 2.7/fonts/type1/urw/times/utmb8a.pfb><D:/Program Files/MiKTeX 2.7/fonts/type1/urw/ti
mes/utmbi8a.pfb><D:/Program Files/MiKTeX 2.7/fonts/type1/urw/times/utmr8a.pfb><D:/Program Files/MiKTeX 2.7/fonts/type1/u
rw/times/utmri8a.pfb>
Output written on "Copy of sigproc-sp.pdf" (4 pages, 161446 bytes).
PDF statistics:
 96 PDF objects out of 1000 (max. 8388607)
 0 named destinations out of 1000 (max. 131072)
 1 words of extra memory for PDF output out of 10000 (max. 10000000)

