\BOOKMARK [0][-]{section*.3}{Acknowledgements}{}% 1
\BOOKMARK [0][-]{section*.4}{Abstract}{}% 2
\BOOKMARK [0][-]{section*.6}{Outline of the Thesis}{}% 3
\BOOKMARK [0][-]{chapter.1}{Introduction}{}% 4
\BOOKMARK [1][-]{section.1.1}{Problem Statement}{chapter.1}% 5
\BOOKMARK [1][-]{section.1.2}{Proposed Solution}{chapter.1}% 6
\BOOKMARK [1][-]{section.1.3}{Related Work}{chapter.1}% 7
\BOOKMARK [1][-]{section.1.4}{Terminology}{chapter.1}% 8
\BOOKMARK [0][-]{chapter.2}{Requirements Elicitation}{}% 9
\BOOKMARK [1][-]{section.2.1}{Functional Model}{chapter.2}% 10
\BOOKMARK [2][-]{subsection.2.1.1}{Actors}{section.2.1}% 11
\BOOKMARK [2][-]{subsection.2.1.2}{Scenarios}{section.2.1}% 12
\BOOKMARK [2][-]{subsection.2.1.3}{Use Cases}{section.2.1}% 13
\BOOKMARK [2][-]{subsection.2.1.4}{Functional Requirements}{section.2.1}% 14
\BOOKMARK [2][-]{subsection.2.1.5}{FR1: Configure Sensors and Actuators}{section.2.1}% 15
\BOOKMARK [2][-]{subsection.2.1.6}{FR2: Manage Sensors and Actuators}{section.2.1}% 16
\BOOKMARK [2][-]{subsection.2.1.7}{FR3: List Sensors and Actuators}{section.2.1}% 17
\BOOKMARK [2][-]{subsection.2.1.8}{FR4: Change Actuators Value}{section.2.1}% 18
\BOOKMARK [2][-]{subsection.2.1.9}{FR5: Get Sensors/Actuators Value}{section.2.1}% 19
\BOOKMARK [1][-]{section.2.2}{Non-functional Requirements}{chapter.2}% 20
\BOOKMARK [2][-]{subsection.2.2.1}{NF1: Unubtrusivness}{section.2.2}% 21
\BOOKMARK [2][-]{subsection.2.2.2}{NF2: Availability}{section.2.2}% 22
\BOOKMARK [2][-]{subsection.2.2.3}{NF3: Reliability}{section.2.2}% 23
\BOOKMARK [2][-]{subsection.2.2.4}{NF4: Performance}{section.2.2}% 24
\BOOKMARK [2][-]{subsection.2.2.5}{NF5: Extensibility}{section.2.2}% 25
\BOOKMARK [2][-]{subsection.2.2.6}{NF6: Generalization}{section.2.2}% 26
\BOOKMARK [2][-]{subsection.2.2.7}{NF7: Minimization}{section.2.2}% 27
\BOOKMARK [2][-]{subsection.2.2.8}{NF9: Online Access}{section.2.2}% 28
\BOOKMARK [1][-]{section.2.3}{Summary}{chapter.2}% 29
\BOOKMARK [0][-]{chapter.3}{Analysis}{}% 30
\BOOKMARK [1][-]{section.3.1}{Analysis Object Model}{chapter.3}% 31
\BOOKMARK [2][-]{subsection.3.1.1}{Entity Objects}{section.3.1}% 32
\BOOKMARK [2][-]{subsection.3.1.2}{Control Objects}{section.3.1}% 33
\BOOKMARK [2][-]{subsection.3.1.3}{Boundary Objects}{section.3.1}% 34
\BOOKMARK [1][-]{section.3.2}{Dynamic Model}{chapter.3}% 35
\BOOKMARK [2][-]{subsection.3.2.1}{Initialize}{section.3.2}% 36
\BOOKMARK [2][-]{subsection.3.2.2}{Sense}{section.3.2}% 37
\BOOKMARK [2][-]{subsection.3.2.3}{Threat Level}{section.3.2}% 38
\BOOKMARK [1][-]{section.3.3}{Summary}{chapter.3}% 39
\BOOKMARK [0][-]{chapter.4}{System Design}{}% 40
\BOOKMARK [1][-]{section.4.1}{Design Goals}{chapter.4}% 41
\BOOKMARK [1][-]{section.4.2}{Software Architecture}{chapter.4}% 42
\BOOKMARK [2][-]{subsection.4.2.1}{Subsystem Decomposition}{section.4.2}% 43
\BOOKMARK [1][-]{section.4.3}{Off-the-Shelf Components}{chapter.4}% 44
\BOOKMARK [2][-]{subsection.4.3.1}{OpenHAB}{section.4.3}% 45
\BOOKMARK [2][-]{subsection.4.3.2}{ROS}{section.4.3}% 46
\BOOKMARK [2][-]{subsection.4.3.3}{IFTTT}{section.4.3}% 47
\BOOKMARK [2][-]{subsection.4.3.4}{Weka}{section.4.3}% 48
\BOOKMARK [1][-]{section.4.4}{HW/SW Mapping}{chapter.4}% 49
\BOOKMARK [1][-]{section.4.5}{Boundary Conditions}{chapter.4}% 50
\BOOKMARK [2][-]{subsection.4.5.1}{Inizialization}{section.4.5}% 51
\BOOKMARK [2][-]{subsection.4.5.2}{Failure}{section.4.5}% 52
\BOOKMARK [2][-]{subsection.4.5.3}{Termination}{section.4.5}% 53
\BOOKMARK [1][-]{section.4.6}{Summary}{chapter.4}% 54
\BOOKMARK [0][-]{chapter.5}{Object Design}{}% 55
\BOOKMARK [1][-]{section.5.1}{Parallel between the Smarthome and Networks}{chapter.5}% 56
\BOOKMARK [1][-]{section.5.2}{Interface Specification}{chapter.5}% 57
\BOOKMARK [2][-]{subsection.5.2.1}{Rosie}{section.5.2}% 58
\BOOKMARK [1][-]{section.5.3}{Summary}{chapter.5}% 59
\BOOKMARK [0][-]{chapter.6}{Conclusion}{}% 60
\BOOKMARK [1][-]{section.6.1}{System Discussion}{chapter.6}% 61
\BOOKMARK [1][-]{section.6.2}{Future Work}{chapter.6}% 62
\BOOKMARK [-1][]{part*.62}{Appendix}{}% 63
\BOOKMARK [0][-]{appendix.A}{Features Extracted From Networking Datasets}{part*.62}% 64
\BOOKMARK [0][-]{appendix*.63}{Bibliography}{part*.62}% 65
